2025-11-29T00:30:08.163+09:00  INFO 95557 --- [myauth] [restartedMain] com.example.myauth.MyauthApplication     : Starting MyauthApplication using Java 17.0.7 with PID 95557 (/Users/eunbumkim/Documents/practice/java/myauth/build/classes/java/main started by eunbumkim in /Users/eunbumkim/Documents/practice/java/myauth)
2025-11-29T00:30:08.167+09:00 DEBUG 95557 --- [myauth] [restartedMain] com.example.myauth.MyauthApplication     : Running with Spring Boot v4.0.0, Spring v7.0.1
2025-11-29T00:30:08.167+09:00  INFO 95557 --- [myauth] [restartedMain] com.example.myauth.MyauthApplication     : No active profile set, falling back to 1 default profile: "default"
2025-11-29T00:30:08.199+09:00  INFO 95557 --- [myauth] [restartedMain] .e.DevToolsPropertyDefaultsPostProcessor : Devtools property defaults active! Set 'spring.devtools.add-properties' to 'false' to disable
2025-11-29T00:30:08.199+09:00  INFO 95557 --- [myauth] [restartedMain] .e.DevToolsPropertyDefaultsPostProcessor : For additional web related logging consider setting the 'logging.level.web' property to 'DEBUG'
2025-11-29T00:30:08.557+09:00  INFO 95557 --- [myauth] [restartedMain] .s.d.r.c.RepositoryConfigurationDelegate : Bootstrapping Spring Data JPA repositories in DEFAULT mode.
2025-11-29T00:30:08.598+09:00  INFO 95557 --- [myauth] [restartedMain] .s.d.r.c.RepositoryConfigurationDelegate : Finished Spring Data repository scanning in 35 ms. Found 2 JPA repository interfaces.
2025-11-29T00:30:08.882+09:00  INFO 95557 --- [myauth] [restartedMain] o.s.boot.tomcat.TomcatWebServer          : Tomcat initialized with port 9080 (http)
2025-11-29T00:30:08.890+09:00  INFO 95557 --- [myauth] [restartedMain] o.apache.catalina.core.StandardService   : Starting service [Tomcat]
2025-11-29T00:30:08.890+09:00  INFO 95557 --- [myauth] [restartedMain] o.apache.catalina.core.StandardEngine    : Starting Servlet engine: [Apache Tomcat/11.0.14]
2025-11-29T00:30:08.907+09:00  INFO 95557 --- [myauth] [restartedMain] b.w.c.s.WebApplicationContextInitializer : Root WebApplicationContext: initialization completed in 708 ms
2025-11-29T00:30:08.966+09:00  INFO 95557 --- [myauth] [restartedMain] o.hibernate.jpa.internal.util.LogHelper  : HHH000204: Processing PersistenceUnitInfo [name: default]
2025-11-29T00:30:08.988+09:00  INFO 95557 --- [myauth] [restartedMain] org.hibernate.Version                    : HHH000412: Hibernate ORM core version 7.1.8.Final
2025-11-29T00:30:09.231+09:00  INFO 95557 --- [myauth] [restartedMain] o.s.o.j.p.SpringPersistenceUnitInfo      : No LoadTimeWeaver setup: ignoring JPA class transformer
2025-11-29T00:30:09.250+09:00  INFO 95557 --- [myauth] [restartedMain] com.zaxxer.hikari.HikariDataSource       : HikariPool-1 - Starting...
2025-11-29T00:30:09.355+09:00  INFO 95557 --- [myauth] [restartedMain] com.zaxxer.hikari.pool.HikariPool        : HikariPool-1 - Added connection com.mysql.cj.jdbc.ConnectionImpl@198eea7e
2025-11-29T00:30:09.357+09:00  INFO 95557 --- [myauth] [restartedMain] com.zaxxer.hikari.HikariDataSource       : HikariPool-1 - Start completed.
2025-11-29T00:30:09.409+09:00  WARN 95557 --- [myauth] [restartedMain] org.hibernate.orm.deprecation            : HHH90000025: MySQLDialect does not need to be specified explicitly using 'hibernate.dialect' (remove the property setting and it will be selected by default)
2025-11-29T00:30:09.418+09:00  INFO 95557 --- [myauth] [restartedMain] org.hibernate.orm.connections.pooling    : HHH10001005: Database info:
	Database JDBC URL [jdbc:mysql://localhost:3306/mannal?useSSL=false&serverTimezone=Asia/Seoul&connectionTimeZone=Asia/Seoul&forceConnectionTimeZoneToSession=true&allowPublicKeyRetrieval=true]
	Database driver: MySQL Connector/J
	Database dialect: MySQLDialect
	Database version: 8.0.33
	Default catalog/schema: mannal/undefined
	Autocommit mode: undefined/unknown
	Isolation level: REPEATABLE_READ [default REPEATABLE_READ]
	JDBC fetch size: none
	Pool: DatasourceConnectionProviderImpl
	Minimum pool size: undefined/unknown
	Maximum pool size: undefined/unknown
2025-11-29T00:30:09.934+09:00  INFO 95557 --- [myauth] [restartedMain] o.h.e.t.j.p.i.JtaPlatformInitiator       : HHH000489: No JTA platform available (set 'hibernate.transaction.jta.platform' to enable JTA platform integration)
2025-11-29T00:30:09.938+09:00  INFO 95557 --- [myauth] [restartedMain] j.LocalContainerEntityManagerFactoryBean : Initialized JPA EntityManagerFactory for persistence unit 'default'
2025-11-29T00:30:09.981+09:00  INFO 95557 --- [myauth] [restartedMain] o.s.d.j.r.query.QueryEnhancerFactories   : Hibernate is in classpath; If applicable, HQL parser will be used.
2025-11-29T00:30:10.103+09:00 DEBUG 95557 --- [myauth] [restartedMain] c.e.m.security.JwtAuthenticationFilter   : Filter 'jwtAuthenticationFilter' configured for use
2025-11-29T00:30:10.442+09:00  WARN 95557 --- [myauth] [restartedMain] JpaBaseConfiguration$JpaWebConfiguration : spring.jpa.open-in-view is enabled by default. Therefore, database queries may be performed during view rendering. Explicitly configure spring.jpa.open-in-view to disable this warning
2025-11-29T00:30:10.463+09:00  INFO 95557 --- [myauth] [restartedMain] r$InitializeUserDetailsManagerConfigurer : Global AuthenticationManager configured with UserDetailsService bean with name customUserDetailsService
2025-11-29T00:30:10.527+09:00 DEBUG 95557 --- [myauth] [restartedMain] o.s.s.web.DefaultSecurityFilterChain     : Will secure any request with filters: DisableEncodeUrlFilter, WebAsyncManagerIntegrationFilter, SecurityContextHolderFilter, HeaderWriterFilter, LogoutFilter, JwtAuthenticationFilter, RequestCacheAwareFilter, SecurityContextHolderAwareRequestFilter, AnonymousAuthenticationFilter, SessionManagementFilter, ExceptionTranslationFilter, AuthorizationFilter
2025-11-29T00:30:10.691+09:00  INFO 95557 --- [myauth] [restartedMain] o.s.boot.tomcat.TomcatWebServer          : Tomcat started on port 9080 (http) with context path '/'
2025-11-29T00:30:10.694+09:00  INFO 95557 --- [myauth] [restartedMain] com.example.myauth.MyauthApplication     : Started MyauthApplication in 2.805 seconds (process running for 3.106)
2025-11-29T00:31:20.079+09:00  INFO 95557 --- [myauth] [http-nio-9080-exec-1] o.a.c.c.C.[Tomcat].[localhost].[/]       : Initializing Spring DispatcherServlet 'dispatcherServlet'
2025-11-29T00:31:20.080+09:00  INFO 95557 --- [myauth] [http-nio-9080-exec-1] o.s.web.servlet.DispatcherServlet        : Initializing Servlet 'dispatcherServlet'
2025-11-29T00:31:20.086+09:00  INFO 95557 --- [myauth] [http-nio-9080-exec-1] o.s.web.servlet.DispatcherServlet        : Completed initialization in 5 ms
2025-11-29T00:31:20.093+09:00 DEBUG 95557 --- [myauth] [http-nio-9080-exec-1] o.s.security.web.FilterChainProxy        : Securing POST /login
2025-11-29T00:31:20.100+09:00 DEBUG 95557 --- [myauth] [http-nio-9080-exec-1] o.s.s.w.a.AnonymousAuthenticationFilter  : Set SecurityContextHolder to anonymous SecurityContext
2025-11-29T00:31:20.102+09:00 DEBUG 95557 --- [myauth] [http-nio-9080-exec-1] o.s.security.web.FilterChainProxy        : Secured POST /login
2025-11-29T00:31:20.194+09:00  INFO 95557 --- [myauth] [http-nio-9080-exec-1] c.e.myauth.controller.AuthController     : 로그인 요청: test2@example.com
2025-11-29T00:31:20.213+09:00  INFO 95557 --- [myauth] [http-nio-9080-exec-1] com.example.myauth.service.AuthService   : 로그인 시도: test2@example.com
2025-11-29T00:31:20.388+09:00 DEBUG 95557 --- [myauth] [http-nio-9080-exec-1] c.e.myauth.security.JwtTokenProvider     : generateAccessToken() : userEmail=test2@example.com, userId=40
2025-11-29T00:31:20.388+09:00 DEBUG 95557 --- [myauth] [http-nio-9080-exec-1] c.e.myauth.security.JwtTokenProvider     : generateAccessToken::now : Sat Nov 29 00:31:20 KST 2025
2025-11-29T00:31:20.388+09:00 DEBUG 95557 --- [myauth] [http-nio-9080-exec-1] c.e.myauth.security.JwtTokenProvider     : generateAccessToken::expiryDate : Sat Nov 29 01:31:20 KST 2025
2025-11-29T00:31:20.459+09:00 DEBUG 95557 --- [myauth] [http-nio-9080-exec-1] c.e.myauth.security.JwtTokenProvider     : generateRefreshToken() : userEmail=test2@example.com
2025-11-29T00:31:20.460+09:00 DEBUG 95557 --- [myauth] [http-nio-9080-exec-1] c.e.myauth.security.JwtTokenProvider     : generateRefreshToken::now : Sat Nov 29 00:31:20 KST 2025
2025-11-29T00:31:20.460+09:00 DEBUG 95557 --- [myauth] [http-nio-9080-exec-1] c.e.myauth.security.JwtTokenProvider     : generateRefreshToken::expiryDate : Sat Dec 06 00:31:20 KST 2025
2025-11-29T00:31:20.460+09:00  INFO 95557 --- [myauth] [http-nio-9080-exec-1] com.example.myauth.service.AuthService   : JWT 토큰 생성 완료: test2@example.com
2025-11-29T00:31:20.489+09:00  INFO 95557 --- [myauth] [http-nio-9080-exec-1] com.example.myauth.service.AuthService   : Refresh Token DB 저장 완료: test2@example.com
2025-11-29T00:31:20.490+09:00  INFO 95557 --- [myauth] [http-nio-9080-exec-1] com.example.myauth.service.AuthService   : 로그인 성공: test2@example.com
2025-11-29T00:31:26.309+09:00 DEBUG 95557 --- [myauth] [http-nio-9080-exec-2] o.s.security.web.FilterChainProxy        : Securing POST /login
2025-11-29T00:31:26.310+09:00 DEBUG 95557 --- [myauth] [http-nio-9080-exec-2] o.s.s.w.a.AnonymousAuthenticationFilter  : Set SecurityContextHolder to anonymous SecurityContext
2025-11-29T00:31:26.311+09:00 DEBUG 95557 --- [myauth] [http-nio-9080-exec-2] o.s.security.web.FilterChainProxy        : Secured POST /login
2025-11-29T00:31:26.319+09:00  INFO 95557 --- [myauth] [http-nio-9080-exec-2] c.e.myauth.controller.AuthController     : 로그인 요청: test2@example.com
2025-11-29T00:31:26.325+09:00  INFO 95557 --- [myauth] [http-nio-9080-exec-2] com.example.myauth.service.AuthService   : 로그인 시도: test2@example.com
2025-11-29T00:31:26.424+09:00  WARN 95557 --- [myauth] [http-nio-9080-exec-2] com.example.myauth.service.AuthService   : 잘못된 비밀번호로 로그인 시도: test2@example.com
2025-11-29T00:31:26.437+09:00  WARN 95557 --- [myauth] [http-nio-9080-exec-2] c.e.m.exception.GlobalExceptionHandler   : 인증 실패: 이메일 또는 비밀번호가 올바르지 않습니다.
2025-11-29T00:31:26.439+09:00  WARN 95557 --- [myauth] [http-nio-9080-exec-2] .m.m.a.ExceptionHandlerExceptionResolver : Resolved [com.example.myauth.exception.InvalidCredentialsException: 이메일 또는 비밀번호가 올바르지 않습니다.]
2025-11-29T01:47:11.803+09:00 DEBUG 95557 --- [myauth] [http-nio-9080-exec-4] o.s.security.web.FilterChainProxy        : Securing GET /me
2025-11-29T01:47:11.868+09:00  WARN 95557 --- [myauth] [http-nio-9080-exec-4] c.e.m.security.JwtAuthenticationFilter   : JWT 토큰 만료 - 사용자: test20@example.com, 경로: /me
2025-11-29T02:04:16.986+09:00  INFO 91157 --- [myauth] [restartedMain] com.example.myauth.MyauthApplication     : Starting MyauthApplication using Java 17.0.7 with PID 91157 (/Users/eunbumkim/Documents/practice/java/myauth/build/classes/java/main started by eunbumkim in /Users/eunbumkim/Documents/practice/java/myauth)
2025-11-29T02:04:16.988+09:00 DEBUG 91157 --- [myauth] [restartedMain] com.example.myauth.MyauthApplication     : Running with Spring Boot v4.0.0, Spring v7.0.1
2025-11-29T02:04:16.988+09:00  INFO 91157 --- [myauth] [restartedMain] com.example.myauth.MyauthApplication     : No active profile set, falling back to 1 default profile: "default"
2025-11-29T02:04:17.017+09:00  INFO 91157 --- [myauth] [restartedMain] .e.DevToolsPropertyDefaultsPostProcessor : Devtools property defaults active! Set 'spring.devtools.add-properties' to 'false' to disable
2025-11-29T02:04:17.017+09:00  INFO 91157 --- [myauth] [restartedMain] .e.DevToolsPropertyDefaultsPostProcessor : For additional web related logging consider setting the 'logging.level.web' property to 'DEBUG'
2025-11-29T02:04:17.373+09:00  INFO 91157 --- [myauth] [restartedMain] .s.d.r.c.RepositoryConfigurationDelegate : Bootstrapping Spring Data JPA repositories in DEFAULT mode.
2025-11-29T02:04:17.404+09:00  INFO 91157 --- [myauth] [restartedMain] .s.d.r.c.RepositoryConfigurationDelegate : Finished Spring Data repository scanning in 26 ms. Found 2 JPA repository interfaces.
2025-11-29T02:04:17.684+09:00  INFO 91157 --- [myauth] [restartedMain] o.s.boot.tomcat.TomcatWebServer          : Tomcat initialized with port 9080 (http)
2025-11-29T02:04:17.693+09:00  INFO 91157 --- [myauth] [restartedMain] o.apache.catalina.core.StandardService   : Starting service [Tomcat]
2025-11-29T02:04:17.694+09:00  INFO 91157 --- [myauth] [restartedMain] o.apache.catalina.core.StandardEngine    : Starting Servlet engine: [Apache Tomcat/11.0.14]
2025-11-29T02:04:17.711+09:00  INFO 91157 --- [myauth] [restartedMain] b.w.c.s.WebApplicationContextInitializer : Root WebApplicationContext: initialization completed in 693 ms
2025-11-29T02:04:17.773+09:00  INFO 91157 --- [myauth] [restartedMain] o.hibernate.jpa.internal.util.LogHelper  : HHH000204: Processing PersistenceUnitInfo [name: default]
2025-11-29T02:04:17.801+09:00  INFO 91157 --- [myauth] [restartedMain] org.hibernate.Version                    : HHH000412: Hibernate ORM core version 7.1.8.Final
2025-11-29T02:04:18.058+09:00  INFO 91157 --- [myauth] [restartedMain] o.s.o.j.p.SpringPersistenceUnitInfo      : No LoadTimeWeaver setup: ignoring JPA class transformer
2025-11-29T02:04:18.075+09:00  INFO 91157 --- [myauth] [restartedMain] com.zaxxer.hikari.HikariDataSource       : HikariPool-1 - Starting...
2025-11-29T02:04:18.186+09:00  INFO 91157 --- [myauth] [restartedMain] com.zaxxer.hikari.pool.HikariPool        : HikariPool-1 - Added connection com.mysql.cj.jdbc.ConnectionImpl@3275c26b
2025-11-29T02:04:18.187+09:00  INFO 91157 --- [myauth] [restartedMain] com.zaxxer.hikari.HikariDataSource       : HikariPool-1 - Start completed.
2025-11-29T02:04:18.225+09:00  WARN 91157 --- [myauth] [restartedMain] org.hibernate.orm.deprecation            : HHH90000025: MySQLDialect does not need to be specified explicitly using 'hibernate.dialect' (remove the property setting and it will be selected by default)
2025-11-29T02:04:18.235+09:00  INFO 91157 --- [myauth] [restartedMain] org.hibernate.orm.connections.pooling    : HHH10001005: Database info:
	Database JDBC URL [jdbc:mysql://localhost:3306/mannal?useSSL=false&serverTimezone=Asia/Seoul&connectionTimeZone=Asia/Seoul&forceConnectionTimeZoneToSession=true&allowPublicKeyRetrieval=true]
	Database driver: MySQL Connector/J
	Database dialect: MySQLDialect
	Database version: 8.0.33
	Default catalog/schema: mannal/undefined
	Autocommit mode: undefined/unknown
	Isolation level: REPEATABLE_READ [default REPEATABLE_READ]
	JDBC fetch size: none
	Pool: DatasourceConnectionProviderImpl
	Minimum pool size: undefined/unknown
	Maximum pool size: undefined/unknown
2025-11-29T02:04:18.769+09:00  INFO 91157 --- [myauth] [restartedMain] o.h.e.t.j.p.i.JtaPlatformInitiator       : HHH000489: No JTA platform available (set 'hibernate.transaction.jta.platform' to enable JTA platform integration)
2025-11-29T02:04:18.774+09:00  INFO 91157 --- [myauth] [restartedMain] j.LocalContainerEntityManagerFactoryBean : Initialized JPA EntityManagerFactory for persistence unit 'default'
2025-11-29T02:04:18.818+09:00  INFO 91157 --- [myauth] [restartedMain] o.s.d.j.r.query.QueryEnhancerFactories   : Hibernate is in classpath; If applicable, HQL parser will be used.
2025-11-29T02:04:18.935+09:00 DEBUG 91157 --- [myauth] [restartedMain] c.e.m.security.JwtAuthenticationFilter   : Filter 'jwtAuthenticationFilter' configured for use
2025-11-29T02:04:19.271+09:00  WARN 91157 --- [myauth] [restartedMain] JpaBaseConfiguration$JpaWebConfiguration : spring.jpa.open-in-view is enabled by default. Therefore, database queries may be performed during view rendering. Explicitly configure spring.jpa.open-in-view to disable this warning
2025-11-29T02:04:19.289+09:00  INFO 91157 --- [myauth] [restartedMain] r$InitializeUserDetailsManagerConfigurer : Global AuthenticationManager configured with UserDetailsService bean with name customUserDetailsService
2025-11-29T02:04:19.345+09:00 DEBUG 91157 --- [myauth] [restartedMain] o.s.s.web.DefaultSecurityFilterChain     : Will secure any request with filters: DisableEncodeUrlFilter, WebAsyncManagerIntegrationFilter, SecurityContextHolderFilter, HeaderWriterFilter, LogoutFilter, JwtAuthenticationFilter, RequestCacheAwareFilter, SecurityContextHolderAwareRequestFilter, AnonymousAuthenticationFilter, SessionManagementFilter, ExceptionTranslationFilter, AuthorizationFilter
2025-11-29T02:04:19.514+09:00  INFO 91157 --- [myauth] [restartedMain] o.s.boot.tomcat.TomcatWebServer          : Tomcat started on port 9080 (http) with context path '/'
2025-11-29T02:04:19.518+09:00  INFO 91157 --- [myauth] [restartedMain] com.example.myauth.MyauthApplication     : Started MyauthApplication in 2.792 seconds (process running for 3.08)
2025-11-29T02:05:45.189+09:00  INFO 91157 --- [myauth] [http-nio-9080-exec-1] o.a.c.c.C.[Tomcat].[localhost].[/]       : Initializing Spring DispatcherServlet 'dispatcherServlet'
2025-11-29T02:05:45.190+09:00  INFO 91157 --- [myauth] [http-nio-9080-exec-1] o.s.web.servlet.DispatcherServlet        : Initializing Servlet 'dispatcherServlet'
2025-11-29T02:05:45.193+09:00  INFO 91157 --- [myauth] [http-nio-9080-exec-1] o.s.web.servlet.DispatcherServlet        : Completed initialization in 3 ms
2025-11-29T02:05:45.200+09:00 DEBUG 91157 --- [myauth] [http-nio-9080-exec-1] o.s.security.web.FilterChainProxy        : Securing POST /login
2025-11-29T02:05:45.208+09:00 DEBUG 91157 --- [myauth] [http-nio-9080-exec-1] o.s.s.w.a.AnonymousAuthenticationFilter  : Set SecurityContextHolder to anonymous SecurityContext
2025-11-29T02:05:45.210+09:00 DEBUG 91157 --- [myauth] [http-nio-9080-exec-1] o.s.security.web.FilterChainProxy        : Secured POST /login
2025-11-29T02:05:45.305+09:00  INFO 91157 --- [myauth] [http-nio-9080-exec-1] c.e.myauth.controller.AuthController     : 로그인 요청: test2@example.com
2025-11-29T02:05:45.314+09:00  INFO 91157 --- [myauth] [http-nio-9080-exec-1] com.example.myauth.service.AuthService   : 로그인 시도: test2@example.com
2025-11-29T02:05:45.495+09:00 DEBUG 91157 --- [myauth] [http-nio-9080-exec-1] c.e.myauth.security.JwtTokenProvider     : generateAccessToken() : userEmail=test2@example.com, userId=40
2025-11-29T02:05:45.495+09:00 DEBUG 91157 --- [myauth] [http-nio-9080-exec-1] c.e.myauth.security.JwtTokenProvider     : generateAccessToken::now : Sat Nov 29 02:05:45 KST 2025
2025-11-29T02:05:45.495+09:00 DEBUG 91157 --- [myauth] [http-nio-9080-exec-1] c.e.myauth.security.JwtTokenProvider     : generateAccessToken::expiryDate : Sat Nov 29 03:05:45 KST 2025
2025-11-29T02:05:45.563+09:00 DEBUG 91157 --- [myauth] [http-nio-9080-exec-1] c.e.myauth.security.JwtTokenProvider     : generateRefreshToken() : userEmail=test2@example.com
2025-11-29T02:05:45.563+09:00 DEBUG 91157 --- [myauth] [http-nio-9080-exec-1] c.e.myauth.security.JwtTokenProvider     : generateRefreshToken::now : Sat Nov 29 02:05:45 KST 2025
2025-11-29T02:05:45.563+09:00 DEBUG 91157 --- [myauth] [http-nio-9080-exec-1] c.e.myauth.security.JwtTokenProvider     : generateRefreshToken::expiryDate : Sat Dec 06 02:05:45 KST 2025
2025-11-29T02:05:45.563+09:00  INFO 91157 --- [myauth] [http-nio-9080-exec-1] com.example.myauth.service.AuthService   : JWT 토큰 생성 완료: test2@example.com
2025-11-29T02:05:45.589+09:00  INFO 91157 --- [myauth] [http-nio-9080-exec-1] com.example.myauth.service.AuthService   : Refresh Token DB 저장 완료: test2@example.com
2025-11-29T02:05:45.590+09:00  INFO 91157 --- [myauth] [http-nio-9080-exec-1] com.example.myauth.service.AuthService   : 로그인 성공: test2@example.com
2025-11-29T02:07:14.667+09:00 DEBUG 91157 --- [myauth] [http-nio-9080-exec-2] o.s.security.web.FilterChainProxy        : Securing POST /refresh
2025-11-29T02:07:14.669+09:00 DEBUG 91157 --- [myauth] [http-nio-9080-exec-2] o.s.s.w.a.AnonymousAuthenticationFilter  : Set SecurityContextHolder to anonymous SecurityContext
2025-11-29T02:07:14.669+09:00 DEBUG 91157 --- [myauth] [http-nio-9080-exec-2] o.s.security.web.FilterChainProxy        : Secured POST /refresh
2025-11-29T02:07:14.691+09:00  INFO 91157 --- [myauth] [http-nio-9080-exec-2] c.e.myauth.controller.AuthController     : Access Token 갱신 요청
2025-11-29T02:07:14.693+09:00 DEBUG 91157 --- [myauth] [http-nio-9080-exec-2] c.e.myauth.util.ClientTypeDetector       : 웹 클라이언트로 간주 (기본값)
2025-11-29T02:07:14.693+09:00 DEBUG 91157 --- [myauth] [http-nio-9080-exec-2] c.e.myauth.util.ClientTypeDetector       : 웹 클라이언트로 간주 (기본값)
2025-11-29T02:07:14.693+09:00  INFO 91157 --- [myauth] [http-nio-9080-exec-2] c.e.myauth.controller.AuthController     : 클라이언트 타입: WEB
2025-11-29T02:07:14.693+09:00  INFO 91157 --- [myauth] [http-nio-9080-exec-2] c.e.myauth.controller.AuthController     : 웹 클라이언트 → 쿠키에서 Refresh Token 읽기
2025-11-29T02:07:14.693+09:00  WARN 91157 --- [myauth] [http-nio-9080-exec-2] c.e.myauth.controller.AuthController     : 쿠키에 Refresh Token이 없음
2025-11-29T02:08:01.942+09:00 DEBUG 91157 --- [myauth] [http-nio-9080-exec-4] o.s.security.web.FilterChainProxy        : Securing POST /refresh
2025-11-29T02:08:01.948+09:00 DEBUG 91157 --- [myauth] [http-nio-9080-exec-4] o.s.s.w.a.AnonymousAuthenticationFilter  : Set SecurityContextHolder to anonymous SecurityContext
2025-11-29T02:08:01.948+09:00 DEBUG 91157 --- [myauth] [http-nio-9080-exec-4] o.s.security.web.FilterChainProxy        : Secured POST /refresh
2025-11-29T02:08:01.953+09:00  INFO 91157 --- [myauth] [http-nio-9080-exec-4] c.e.myauth.controller.AuthController     : Access Token 갱신 요청
2025-11-29T02:08:01.954+09:00 DEBUG 91157 --- [myauth] [http-nio-9080-exec-4] c.e.myauth.util.ClientTypeDetector       : 모바일 앱 감지 (User-Agent): myapp/1.0 (iphone; ios 14.0)
2025-11-29T02:08:01.954+09:00 DEBUG 91157 --- [myauth] [http-nio-9080-exec-4] c.e.myauth.util.ClientTypeDetector       : 모바일 앱 감지 (User-Agent): myapp/1.0 (iphone; ios 14.0)
2025-11-29T02:08:01.954+09:00  INFO 91157 --- [myauth] [http-nio-9080-exec-4] c.e.myauth.controller.AuthController     : 클라이언트 타입: MOBILE
2025-11-29T02:08:01.954+09:00  INFO 91157 --- [myauth] [http-nio-9080-exec-4] c.e.myauth.controller.AuthController     : 모바일 클라이언트 → 요청 바디에서 Refresh Token 읽기
2025-11-29T02:08:01.954+09:00 DEBUG 91157 --- [myauth] [http-nio-9080-exec-4] c.e.myauth.controller.AuthController     : 요청 바디에서 Refresh Token 발견
2025-11-29T02:08:01.972+09:00  INFO 91157 --- [myauth] [http-nio-9080-exec-4] com.example.myauth.service.AuthService   : Access Token 갱신 요청
2025-11-29T02:08:02.072+09:00 DEBUG 91157 --- [myauth] [http-nio-9080-exec-4] com.example.myauth.service.AuthService   : Refresh Token에서 추출한 이메일: test2@example.com
2025-11-29T02:08:02.097+09:00 DEBUG 91157 --- [myauth] [http-nio-9080-exec-4] c.e.myauth.security.JwtTokenProvider     : generateAccessToken() : userEmail=test2@example.com, userId=40
2025-11-29T02:08:02.097+09:00 DEBUG 91157 --- [myauth] [http-nio-9080-exec-4] c.e.myauth.security.JwtTokenProvider     : generateAccessToken::now : Sat Nov 29 02:08:02 KST 2025
2025-11-29T02:08:02.097+09:00 DEBUG 91157 --- [myauth] [http-nio-9080-exec-4] c.e.myauth.security.JwtTokenProvider     : generateAccessToken::expiryDate : Sat Nov 29 03:08:02 KST 2025
2025-11-29T02:08:02.098+09:00  INFO 91157 --- [myauth] [http-nio-9080-exec-4] com.example.myauth.service.AuthService   : 새 Access Token 발급 성공: test2@example.com
2025-11-29T02:08:02.104+09:00  INFO 91157 --- [myauth] [http-nio-9080-exec-4] c.e.myauth.controller.AuthController     : Access Token 갱신 성공
2025-11-29T02:22:27.031+09:00  INFO 55515 --- [myauth] [restartedMain] com.example.myauth.MyauthApplication     : Starting MyauthApplication using Java 17.0.7 with PID 55515 (/Users/eunbumkim/Documents/practice/java/myauth/build/classes/java/main started by eunbumkim in /Users/eunbumkim/Documents/practice/java/myauth)
2025-11-29T02:22:27.033+09:00 DEBUG 55515 --- [myauth] [restartedMain] com.example.myauth.MyauthApplication     : Running with Spring Boot v4.0.0, Spring v7.0.1
2025-11-29T02:22:27.033+09:00  INFO 55515 --- [myauth] [restartedMain] com.example.myauth.MyauthApplication     : No active profile set, falling back to 1 default profile: "default"
2025-11-29T02:22:27.060+09:00  INFO 55515 --- [myauth] [restartedMain] .e.DevToolsPropertyDefaultsPostProcessor : Devtools property defaults active! Set 'spring.devtools.add-properties' to 'false' to disable
2025-11-29T02:22:27.060+09:00  INFO 55515 --- [myauth] [restartedMain] .e.DevToolsPropertyDefaultsPostProcessor : For additional web related logging consider setting the 'logging.level.web' property to 'DEBUG'
2025-11-29T02:22:27.408+09:00  INFO 55515 --- [myauth] [restartedMain] .s.d.r.c.RepositoryConfigurationDelegate : Bootstrapping Spring Data JPA repositories in DEFAULT mode.
2025-11-29T02:22:27.442+09:00  INFO 55515 --- [myauth] [restartedMain] .s.d.r.c.RepositoryConfigurationDelegate : Finished Spring Data repository scanning in 28 ms. Found 2 JPA repository interfaces.
2025-11-29T02:22:27.719+09:00  INFO 55515 --- [myauth] [restartedMain] o.s.boot.tomcat.TomcatWebServer          : Tomcat initialized with port 9080 (http)
2025-11-29T02:22:27.728+09:00  INFO 55515 --- [myauth] [restartedMain] o.apache.catalina.core.StandardService   : Starting service [Tomcat]
2025-11-29T02:22:27.728+09:00  INFO 55515 --- [myauth] [restartedMain] o.apache.catalina.core.StandardEngine    : Starting Servlet engine: [Apache Tomcat/11.0.14]
2025-11-29T02:22:27.745+09:00  INFO 55515 --- [myauth] [restartedMain] b.w.c.s.WebApplicationContextInitializer : Root WebApplicationContext: initialization completed in 684 ms
2025-11-29T02:22:27.803+09:00  INFO 55515 --- [myauth] [restartedMain] o.hibernate.jpa.internal.util.LogHelper  : HHH000204: Processing PersistenceUnitInfo [name: default]
2025-11-29T02:22:27.828+09:00  INFO 55515 --- [myauth] [restartedMain] org.hibernate.Version                    : HHH000412: Hibernate ORM core version 7.1.8.Final
2025-11-29T02:22:28.078+09:00  INFO 55515 --- [myauth] [restartedMain] o.s.o.j.p.SpringPersistenceUnitInfo      : No LoadTimeWeaver setup: ignoring JPA class transformer
2025-11-29T02:22:28.095+09:00  INFO 55515 --- [myauth] [restartedMain] com.zaxxer.hikari.HikariDataSource       : HikariPool-1 - Starting...
2025-11-29T02:22:28.198+09:00  INFO 55515 --- [myauth] [restartedMain] com.zaxxer.hikari.pool.HikariPool        : HikariPool-1 - Added connection com.mysql.cj.jdbc.ConnectionImpl@27bddf38
2025-11-29T02:22:28.199+09:00  INFO 55515 --- [myauth] [restartedMain] com.zaxxer.hikari.HikariDataSource       : HikariPool-1 - Start completed.
2025-11-29T02:22:28.261+09:00  WARN 55515 --- [myauth] [restartedMain] org.hibernate.orm.deprecation            : HHH90000025: MySQLDialect does not need to be specified explicitly using 'hibernate.dialect' (remove the property setting and it will be selected by default)
2025-11-29T02:22:28.272+09:00  INFO 55515 --- [myauth] [restartedMain] org.hibernate.orm.connections.pooling    : HHH10001005: Database info:
	Database JDBC URL [jdbc:mysql://localhost:3306/mannal?useSSL=false&serverTimezone=Asia/Seoul&connectionTimeZone=Asia/Seoul&forceConnectionTimeZoneToSession=true&allowPublicKeyRetrieval=true]
	Database driver: MySQL Connector/J
	Database dialect: MySQLDialect
	Database version: 8.0.33
	Default catalog/schema: mannal/undefined
	Autocommit mode: undefined/unknown
	Isolation level: REPEATABLE_READ [default REPEATABLE_READ]
	JDBC fetch size: none
	Pool: DatasourceConnectionProviderImpl
	Minimum pool size: undefined/unknown
	Maximum pool size: undefined/unknown
2025-11-29T02:22:28.807+09:00  INFO 55515 --- [myauth] [restartedMain] o.h.e.t.j.p.i.JtaPlatformInitiator       : HHH000489: No JTA platform available (set 'hibernate.transaction.jta.platform' to enable JTA platform integration)
2025-11-29T02:22:28.813+09:00  INFO 55515 --- [myauth] [restartedMain] j.LocalContainerEntityManagerFactoryBean : Initialized JPA EntityManagerFactory for persistence unit 'default'
2025-11-29T02:22:28.852+09:00  INFO 55515 --- [myauth] [restartedMain] o.s.d.j.r.query.QueryEnhancerFactories   : Hibernate is in classpath; If applicable, HQL parser will be used.
2025-11-29T02:22:28.976+09:00 DEBUG 55515 --- [myauth] [restartedMain] c.e.m.security.JwtAuthenticationFilter   : Filter 'jwtAuthenticationFilter' configured for use
2025-11-29T02:22:29.319+09:00  WARN 55515 --- [myauth] [restartedMain] JpaBaseConfiguration$JpaWebConfiguration : spring.jpa.open-in-view is enabled by default. Therefore, database queries may be performed during view rendering. Explicitly configure spring.jpa.open-in-view to disable this warning
2025-11-29T02:22:29.338+09:00  INFO 55515 --- [myauth] [restartedMain] r$InitializeUserDetailsManagerConfigurer : Global AuthenticationManager configured with UserDetailsService bean with name customUserDetailsService
2025-11-29T02:22:29.396+09:00 DEBUG 55515 --- [myauth] [restartedMain] o.s.s.web.DefaultSecurityFilterChain     : Will secure any request with filters: DisableEncodeUrlFilter, WebAsyncManagerIntegrationFilter, SecurityContextHolderFilter, HeaderWriterFilter, LogoutFilter, JwtAuthenticationFilter, RequestCacheAwareFilter, SecurityContextHolderAwareRequestFilter, AnonymousAuthenticationFilter, SessionManagementFilter, ExceptionTranslationFilter, AuthorizationFilter
2025-11-29T02:22:29.554+09:00  INFO 55515 --- [myauth] [restartedMain] o.s.boot.tomcat.TomcatWebServer          : Tomcat started on port 9080 (http) with context path '/'
2025-11-29T02:22:29.557+09:00  INFO 55515 --- [myauth] [restartedMain] com.example.myauth.MyauthApplication     : Started MyauthApplication in 2.766 seconds (process running for 3.058)
2025-11-29T02:23:11.627+09:00  INFO 55515 --- [myauth] [http-nio-9080-exec-1] o.a.c.c.C.[Tomcat].[localhost].[/]       : Initializing Spring DispatcherServlet 'dispatcherServlet'
2025-11-29T02:23:11.631+09:00  INFO 55515 --- [myauth] [http-nio-9080-exec-1] o.s.web.servlet.DispatcherServlet        : Initializing Servlet 'dispatcherServlet'
2025-11-29T02:23:11.636+09:00  INFO 55515 --- [myauth] [http-nio-9080-exec-1] o.s.web.servlet.DispatcherServlet        : Completed initialization in 5 ms
2025-11-29T02:23:11.643+09:00 DEBUG 55515 --- [myauth] [http-nio-9080-exec-1] o.s.security.web.FilterChainProxy        : Securing POST /login
2025-11-29T02:23:11.652+09:00 DEBUG 55515 --- [myauth] [http-nio-9080-exec-1] o.s.s.w.a.AnonymousAuthenticationFilter  : Set SecurityContextHolder to anonymous SecurityContext
2025-11-29T02:23:11.653+09:00 DEBUG 55515 --- [myauth] [http-nio-9080-exec-1] o.s.security.web.FilterChainProxy        : Secured POST /login
2025-11-29T02:23:11.750+09:00  INFO 55515 --- [myauth] [http-nio-9080-exec-1] c.e.myauth.controller.AuthController     : 로그인 요청: test2@example.com
2025-11-29T02:23:11.763+09:00  INFO 55515 --- [myauth] [http-nio-9080-exec-1] com.example.myauth.service.AuthService   : 로그인 시도: test2@example.com
2025-11-29T02:23:11.929+09:00 DEBUG 55515 --- [myauth] [http-nio-9080-exec-1] c.e.myauth.security.JwtTokenProvider     : generateAccessToken() : userEmail=test2@example.com, userId=40
2025-11-29T02:23:11.929+09:00 DEBUG 55515 --- [myauth] [http-nio-9080-exec-1] c.e.myauth.security.JwtTokenProvider     : generateAccessToken::now : Sat Nov 29 02:23:11 KST 2025
2025-11-29T02:23:11.929+09:00 DEBUG 55515 --- [myauth] [http-nio-9080-exec-1] c.e.myauth.security.JwtTokenProvider     : generateAccessToken::expiryDate : Sat Nov 29 03:23:11 KST 2025
2025-11-29T02:23:11.993+09:00 DEBUG 55515 --- [myauth] [http-nio-9080-exec-1] c.e.myauth.security.JwtTokenProvider     : generateRefreshToken() : userEmail=test2@example.com
2025-11-29T02:23:11.994+09:00 DEBUG 55515 --- [myauth] [http-nio-9080-exec-1] c.e.myauth.security.JwtTokenProvider     : generateRefreshToken::now : Sat Nov 29 02:23:11 KST 2025
2025-11-29T02:23:11.994+09:00 DEBUG 55515 --- [myauth] [http-nio-9080-exec-1] c.e.myauth.security.JwtTokenProvider     : generateRefreshToken::expiryDate : Sat Dec 06 02:23:11 KST 2025
2025-11-29T02:23:11.994+09:00  INFO 55515 --- [myauth] [http-nio-9080-exec-1] com.example.myauth.service.AuthService   : JWT 토큰 생성 완료: test2@example.com
2025-11-29T02:23:12.017+09:00  INFO 55515 --- [myauth] [http-nio-9080-exec-1] com.example.myauth.service.AuthService   : Refresh Token DB 저장 완료: test2@example.com
2025-11-29T02:23:12.019+09:00  INFO 55515 --- [myauth] [http-nio-9080-exec-1] com.example.myauth.service.AuthService   : 로그인 성공: test2@example.com
2025-11-29T02:24:05.549+09:00 DEBUG 55515 --- [myauth] [http-nio-9080-exec-2] o.s.security.web.FilterChainProxy        : Securing POST /refresh
2025-11-29T02:24:05.553+09:00 DEBUG 55515 --- [myauth] [http-nio-9080-exec-2] o.s.s.w.a.AnonymousAuthenticationFilter  : Set SecurityContextHolder to anonymous SecurityContext
2025-11-29T02:24:05.553+09:00 DEBUG 55515 --- [myauth] [http-nio-9080-exec-2] o.s.security.web.FilterChainProxy        : Secured POST /refresh
2025-11-29T02:24:05.583+09:00  INFO 55515 --- [myauth] [http-nio-9080-exec-2] c.e.myauth.controller.AuthController     : Access Token 갱신 요청
2025-11-29T02:24:05.586+09:00 DEBUG 55515 --- [myauth] [http-nio-9080-exec-2] c.e.myauth.util.ClientTypeDetector       : 웹 클라이언트로 간주 (기본값)
2025-11-29T02:24:05.587+09:00 DEBUG 55515 --- [myauth] [http-nio-9080-exec-2] c.e.myauth.util.ClientTypeDetector       : 웹 클라이언트로 간주 (기본값)
2025-11-29T02:24:05.587+09:00  INFO 55515 --- [myauth] [http-nio-9080-exec-2] c.e.myauth.controller.AuthController     : 클라이언트 타입: WEB
2025-11-29T02:24:05.587+09:00  INFO 55515 --- [myauth] [http-nio-9080-exec-2] c.e.myauth.controller.AuthController     : 웹 클라이언트 → 쿠키에서 Refresh Token 읽기
2025-11-29T02:24:05.587+09:00  WARN 55515 --- [myauth] [http-nio-9080-exec-2] c.e.myauth.controller.AuthController     : 쿠키에 Refresh Token이 없음
2025-11-29T02:24:05.587+09:00 DEBUG 55515 --- [myauth] [http-nio-9080-exec-2] c.e.myauth.controller.AuthController     : 요청 바디에서 Refresh Token 발견
2025-11-29T02:24:05.587+09:00  INFO 55515 --- [myauth] [http-nio-9080-exec-2] c.e.myauth.controller.AuthController     : 테스트/교육용: 웹 클라이언트이지만 요청 바디에서 Refresh Token 사용
2025-11-29T02:24:05.599+09:00  INFO 55515 --- [myauth] [http-nio-9080-exec-2] com.example.myauth.service.AuthService   : Access Token 갱신 요청
2025-11-29T02:24:05.635+09:00 DEBUG 55515 --- [myauth] [http-nio-9080-exec-2] com.example.myauth.service.AuthService   : Refresh Token에서 추출한 이메일: test2@example.com
2025-11-29T02:24:05.664+09:00 DEBUG 55515 --- [myauth] [http-nio-9080-exec-2] c.e.myauth.security.JwtTokenProvider     : generateAccessToken() : userEmail=test2@example.com, userId=40
2025-11-29T02:24:05.665+09:00 DEBUG 55515 --- [myauth] [http-nio-9080-exec-2] c.e.myauth.security.JwtTokenProvider     : generateAccessToken::now : Sat Nov 29 02:24:05 KST 2025
2025-11-29T02:24:05.665+09:00 DEBUG 55515 --- [myauth] [http-nio-9080-exec-2] c.e.myauth.security.JwtTokenProvider     : generateAccessToken::expiryDate : Sat Nov 29 03:24:05 KST 2025
2025-11-29T02:24:05.665+09:00  INFO 55515 --- [myauth] [http-nio-9080-exec-2] com.example.myauth.service.AuthService   : 새 Access Token 발급 성공: test2@example.com
2025-11-29T02:24:05.672+09:00  INFO 55515 --- [myauth] [http-nio-9080-exec-2] c.e.myauth.controller.AuthController     : Access Token 갱신 성공
2025-11-29T02:32:08.717+09:00 DEBUG 55515 --- [myauth] [http-nio-9080-exec-4] o.s.security.web.FilterChainProxy        : Securing POST /login
2025-11-29T02:32:08.719+09:00 DEBUG 55515 --- [myauth] [http-nio-9080-exec-4] o.s.s.w.a.AnonymousAuthenticationFilter  : Set SecurityContextHolder to anonymous SecurityContext
2025-11-29T02:32:08.720+09:00 DEBUG 55515 --- [myauth] [http-nio-9080-exec-4] o.s.security.web.FilterChainProxy        : Secured POST /login
2025-11-29T02:32:08.728+09:00  INFO 55515 --- [myauth] [http-nio-9080-exec-4] c.e.myauth.controller.AuthController     : 로그인 요청: test20@example.com
2025-11-29T02:32:08.746+09:00  INFO 55515 --- [myauth] [http-nio-9080-exec-4] com.example.myauth.service.AuthService   : 로그인 시도: test20@example.com
2025-11-29T02:32:08.872+09:00 DEBUG 55515 --- [myauth] [http-nio-9080-exec-4] c.e.myauth.security.JwtTokenProvider     : generateAccessToken() : userEmail=test20@example.com, userId=55
2025-11-29T02:32:08.872+09:00 DEBUG 55515 --- [myauth] [http-nio-9080-exec-4] c.e.myauth.security.JwtTokenProvider     : generateAccessToken::now : Sat Nov 29 02:32:08 KST 2025
2025-11-29T02:32:08.872+09:00 DEBUG 55515 --- [myauth] [http-nio-9080-exec-4] c.e.myauth.security.JwtTokenProvider     : generateAccessToken::expiryDate : Sat Nov 29 03:32:08 KST 2025
2025-11-29T02:32:08.873+09:00 DEBUG 55515 --- [myauth] [http-nio-9080-exec-4] c.e.myauth.security.JwtTokenProvider     : generateRefreshToken() : userEmail=test20@example.com
2025-11-29T02:32:08.873+09:00 DEBUG 55515 --- [myauth] [http-nio-9080-exec-4] c.e.myauth.security.JwtTokenProvider     : generateRefreshToken::now : Sat Nov 29 02:32:08 KST 2025
2025-11-29T02:32:08.873+09:00 DEBUG 55515 --- [myauth] [http-nio-9080-exec-4] c.e.myauth.security.JwtTokenProvider     : generateRefreshToken::expiryDate : Sat Dec 06 02:32:08 KST 2025
2025-11-29T02:32:08.873+09:00  INFO 55515 --- [myauth] [http-nio-9080-exec-4] com.example.myauth.service.AuthService   : JWT 토큰 생성 완료: test20@example.com
2025-11-29T02:32:08.889+09:00  INFO 55515 --- [myauth] [http-nio-9080-exec-4] com.example.myauth.service.AuthService   : Refresh Token DB 저장 완료: test20@example.com
2025-11-29T02:32:08.889+09:00  INFO 55515 --- [myauth] [http-nio-9080-exec-4] com.example.myauth.service.AuthService   : 로그인 성공: test20@example.com
2025-11-29T02:40:18.511+09:00 DEBUG 55515 --- [myauth] [http-nio-9080-exec-6] o.s.security.web.FilterChainProxy        : Securing POST /refresh
2025-11-29T02:40:18.513+09:00 DEBUG 55515 --- [myauth] [http-nio-9080-exec-6] o.s.s.w.a.AnonymousAuthenticationFilter  : Set SecurityContextHolder to anonymous SecurityContext
2025-11-29T02:40:18.513+09:00 DEBUG 55515 --- [myauth] [http-nio-9080-exec-6] o.s.security.web.FilterChainProxy        : Secured POST /refresh
2025-11-29T02:40:18.519+09:00  INFO 55515 --- [myauth] [http-nio-9080-exec-6] c.e.myauth.controller.AuthController     : Access Token 갱신 요청
2025-11-29T02:40:18.519+09:00 DEBUG 55515 --- [myauth] [http-nio-9080-exec-6] c.e.myauth.util.ClientTypeDetector       : 웹 클라이언트로 간주 (기본값)
2025-11-29T02:40:18.519+09:00 DEBUG 55515 --- [myauth] [http-nio-9080-exec-6] c.e.myauth.util.ClientTypeDetector       : 웹 클라이언트로 간주 (기본값)
2025-11-29T02:40:18.519+09:00  INFO 55515 --- [myauth] [http-nio-9080-exec-6] c.e.myauth.controller.AuthController     : 클라이언트 타입: WEB
2025-11-29T02:40:18.519+09:00  INFO 55515 --- [myauth] [http-nio-9080-exec-6] c.e.myauth.controller.AuthController     : 웹 클라이언트 → 쿠키에서 Refresh Token 읽기
2025-11-29T02:40:18.526+09:00 DEBUG 55515 --- [myauth] [http-nio-9080-exec-6] c.e.myauth.controller.AuthController     : 쿠키에서 Refresh Token 발견
2025-11-29T02:40:18.532+09:00  INFO 55515 --- [myauth] [http-nio-9080-exec-6] com.example.myauth.service.AuthService   : Access Token 갱신 요청
2025-11-29T02:40:18.534+09:00 DEBUG 55515 --- [myauth] [http-nio-9080-exec-6] com.example.myauth.service.AuthService   : Refresh Token에서 추출한 이메일: test11@gmail.com
2025-11-29T02:40:18.547+09:00 DEBUG 55515 --- [myauth] [http-nio-9080-exec-6] c.e.myauth.security.JwtTokenProvider     : generateAccessToken() : userEmail=test11@gmail.com, userId=41
2025-11-29T02:40:18.547+09:00 DEBUG 55515 --- [myauth] [http-nio-9080-exec-6] c.e.myauth.security.JwtTokenProvider     : generateAccessToken::now : Sat Nov 29 02:40:18 KST 2025
2025-11-29T02:40:18.547+09:00 DEBUG 55515 --- [myauth] [http-nio-9080-exec-6] c.e.myauth.security.JwtTokenProvider     : generateAccessToken::expiryDate : Sat Nov 29 03:40:18 KST 2025
2025-11-29T02:40:18.548+09:00  INFO 55515 --- [myauth] [http-nio-9080-exec-6] com.example.myauth.service.AuthService   : 새 Access Token 발급 성공: test11@gmail.com
2025-11-29T02:40:18.550+09:00  INFO 55515 --- [myauth] [http-nio-9080-exec-6] c.e.myauth.controller.AuthController     : Access Token 갱신 성공
2025-11-29T02:40:31.666+09:00 DEBUG 55515 --- [myauth] [http-nio-9080-exec-7] o.s.security.web.FilterChainProxy        : Securing GET /me
2025-11-29T02:40:31.676+09:00  WARN 55515 --- [myauth] [http-nio-9080-exec-7] c.e.m.security.JwtAuthenticationFilter   : JWT 토큰 만료 - 사용자: test20@example.com, 경로: /me
2025-11-29T02:40:32.828+09:00 DEBUG 55515 --- [myauth] [http-nio-9080-exec-8] o.s.security.web.FilterChainProxy        : Securing GET /me
2025-11-29T02:40:32.830+09:00  WARN 55515 --- [myauth] [http-nio-9080-exec-8] c.e.m.security.JwtAuthenticationFilter   : JWT 토큰 만료 - 사용자: test20@example.com, 경로: /me
2025-11-29T02:40:55.486+09:00 DEBUG 55515 --- [myauth] [http-nio-9080-exec-9] o.s.security.web.FilterChainProxy        : Securing GET /me
2025-11-29T02:40:55.491+09:00 DEBUG 55515 --- [myauth] [http-nio-9080-exec-9] c.e.m.security.JwtAuthenticationFilter   : JWT 토큰 검증 성공 - 이메일: test11@gmail.com, userId: 41
2025-11-29T02:40:55.519+09:00 DEBUG 55515 --- [myauth] [http-nio-9080-exec-9] c.e.m.security.JwtAuthenticationFilter   : SecurityContext에 인증 정보 설정 완료: test11@gmail.com
2025-11-29T02:40:55.520+09:00 DEBUG 55515 --- [myauth] [http-nio-9080-exec-9] o.s.security.web.FilterChainProxy        : Secured GET /me
2025-11-29T02:40:55.522+09:00  INFO 55515 --- [myauth] [http-nio-9080-exec-9] c.e.myauth.controller.UserController     : 현재 사용자 정보 조회 요청: test11@gmail.com
2025-11-29T02:41:02.019+09:00 DEBUG 55515 --- [myauth] [http-nio-9080-exec-10] o.s.security.web.FilterChainProxy        : Securing POST /refresh
2025-11-29T02:41:02.020+09:00 DEBUG 55515 --- [myauth] [http-nio-9080-exec-10] o.s.s.w.a.AnonymousAuthenticationFilter  : Set SecurityContextHolder to anonymous SecurityContext
2025-11-29T02:41:02.020+09:00 DEBUG 55515 --- [myauth] [http-nio-9080-exec-10] o.s.security.web.FilterChainProxy        : Secured POST /refresh
2025-11-29T02:41:02.028+09:00  INFO 55515 --- [myauth] [http-nio-9080-exec-10] c.e.myauth.controller.AuthController     : Access Token 갱신 요청
2025-11-29T02:41:02.029+09:00 DEBUG 55515 --- [myauth] [http-nio-9080-exec-10] c.e.myauth.util.ClientTypeDetector       : 웹 클라이언트로 간주 (기본값)
2025-11-29T02:41:02.029+09:00 DEBUG 55515 --- [myauth] [http-nio-9080-exec-10] c.e.myauth.util.ClientTypeDetector       : 웹 클라이언트로 간주 (기본값)
2025-11-29T02:41:02.029+09:00  INFO 55515 --- [myauth] [http-nio-9080-exec-10] c.e.myauth.controller.AuthController     : 클라이언트 타입: WEB
2025-11-29T02:41:02.029+09:00  INFO 55515 --- [myauth] [http-nio-9080-exec-10] c.e.myauth.controller.AuthController     : 웹 클라이언트 → 쿠키에서 Refresh Token 읽기
2025-11-29T02:41:02.029+09:00 DEBUG 55515 --- [myauth] [http-nio-9080-exec-10] c.e.myauth.controller.AuthController     : 쿠키에서 Refresh Token 발견
2025-11-29T02:41:02.033+09:00  INFO 55515 --- [myauth] [http-nio-9080-exec-10] com.example.myauth.service.AuthService   : Access Token 갱신 요청
2025-11-29T02:41:02.034+09:00 DEBUG 55515 --- [myauth] [http-nio-9080-exec-10] com.example.myauth.service.AuthService   : Refresh Token에서 추출한 이메일: test11@gmail.com
2025-11-29T02:41:02.043+09:00 DEBUG 55515 --- [myauth] [http-nio-9080-exec-10] c.e.myauth.security.JwtTokenProvider     : generateAccessToken() : userEmail=test11@gmail.com, userId=41
2025-11-29T02:41:02.044+09:00 DEBUG 55515 --- [myauth] [http-nio-9080-exec-10] c.e.myauth.security.JwtTokenProvider     : generateAccessToken::now : Sat Nov 29 02:41:02 KST 2025
2025-11-29T02:41:02.044+09:00 DEBUG 55515 --- [myauth] [http-nio-9080-exec-10] c.e.myauth.security.JwtTokenProvider     : generateAccessToken::expiryDate : Sat Nov 29 03:41:02 KST 2025
2025-11-29T02:41:02.045+09:00  INFO 55515 --- [myauth] [http-nio-9080-exec-10] com.example.myauth.service.AuthService   : 새 Access Token 발급 성공: test11@gmail.com
2025-11-29T02:41:02.048+09:00  INFO 55515 --- [myauth] [http-nio-9080-exec-10] c.e.myauth.controller.AuthController     : Access Token 갱신 성공
2025-11-29T02:41:05.882+09:00 DEBUG 55515 --- [myauth] [http-nio-9080-exec-1] o.s.security.web.FilterChainProxy        : Securing GET /me
2025-11-29T02:41:05.884+09:00 DEBUG 55515 --- [myauth] [http-nio-9080-exec-1] c.e.m.security.JwtAuthenticationFilter   : JWT 토큰 검증 성공 - 이메일: test11@gmail.com, userId: 41
2025-11-29T02:41:05.893+09:00 DEBUG 55515 --- [myauth] [http-nio-9080-exec-1] c.e.m.security.JwtAuthenticationFilter   : SecurityContext에 인증 정보 설정 완료: test11@gmail.com
2025-11-29T02:41:05.894+09:00 DEBUG 55515 --- [myauth] [http-nio-9080-exec-1] o.s.security.web.FilterChainProxy        : Secured GET /me
2025-11-29T02:41:05.894+09:00  INFO 55515 --- [myauth] [http-nio-9080-exec-1] c.e.myauth.controller.UserController     : 현재 사용자 정보 조회 요청: test11@gmail.com
2025-11-29T02:41:08.260+09:00 DEBUG 55515 --- [myauth] [http-nio-9080-exec-2] o.s.security.web.FilterChainProxy        : Securing GET /me
2025-11-29T02:41:08.265+09:00 DEBUG 55515 --- [myauth] [http-nio-9080-exec-2] c.e.m.security.JwtAuthenticationFilter   : JWT 토큰 검증 성공 - 이메일: test11@gmail.com, userId: 41
2025-11-29T02:41:08.274+09:00 DEBUG 55515 --- [myauth] [http-nio-9080-exec-2] c.e.m.security.JwtAuthenticationFilter   : SecurityContext에 인증 정보 설정 완료: test11@gmail.com
2025-11-29T02:41:08.274+09:00 DEBUG 55515 --- [myauth] [http-nio-9080-exec-2] o.s.security.web.FilterChainProxy        : Secured GET /me
2025-11-29T02:41:08.275+09:00  INFO 55515 --- [myauth] [http-nio-9080-exec-2] c.e.myauth.controller.UserController     : 현재 사용자 정보 조회 요청: test11@gmail.com
2025-11-29T02:41:09.063+09:00 DEBUG 55515 --- [myauth] [http-nio-9080-exec-3] o.s.security.web.FilterChainProxy        : Securing GET /me
2025-11-29T02:41:09.067+09:00 DEBUG 55515 --- [myauth] [http-nio-9080-exec-3] c.e.m.security.JwtAuthenticationFilter   : JWT 토큰 검증 성공 - 이메일: test11@gmail.com, userId: 41
2025-11-29T02:41:09.076+09:00 DEBUG 55515 --- [myauth] [http-nio-9080-exec-3] c.e.m.security.JwtAuthenticationFilter   : SecurityContext에 인증 정보 설정 완료: test11@gmail.com
2025-11-29T02:41:09.076+09:00 DEBUG 55515 --- [myauth] [http-nio-9080-exec-3] o.s.security.web.FilterChainProxy        : Secured GET /me
2025-11-29T02:41:09.076+09:00  INFO 55515 --- [myauth] [http-nio-9080-exec-3] c.e.myauth.controller.UserController     : 현재 사용자 정보 조회 요청: test11@gmail.com
2025-11-29T02:41:09.845+09:00 DEBUG 55515 --- [myauth] [http-nio-9080-exec-4] o.s.security.web.FilterChainProxy        : Securing GET /me
2025-11-29T02:41:09.847+09:00 DEBUG 55515 --- [myauth] [http-nio-9080-exec-4] c.e.m.security.JwtAuthenticationFilter   : JWT 토큰 검증 성공 - 이메일: test11@gmail.com, userId: 41
2025-11-29T02:41:09.856+09:00 DEBUG 55515 --- [myauth] [http-nio-9080-exec-4] c.e.m.security.JwtAuthenticationFilter   : SecurityContext에 인증 정보 설정 완료: test11@gmail.com
2025-11-29T02:41:09.856+09:00 DEBUG 55515 --- [myauth] [http-nio-9080-exec-4] o.s.security.web.FilterChainProxy        : Secured GET /me
2025-11-29T02:41:09.856+09:00  INFO 55515 --- [myauth] [http-nio-9080-exec-4] c.e.myauth.controller.UserController     : 현재 사용자 정보 조회 요청: test11@gmail.com
2025-11-29T02:41:10.588+09:00 DEBUG 55515 --- [myauth] [http-nio-9080-exec-5] o.s.security.web.FilterChainProxy        : Securing GET /me
2025-11-29T02:41:10.591+09:00 DEBUG 55515 --- [myauth] [http-nio-9080-exec-5] c.e.m.security.JwtAuthenticationFilter   : JWT 토큰 검증 성공 - 이메일: test11@gmail.com, userId: 41
2025-11-29T02:41:10.600+09:00 DEBUG 55515 --- [myauth] [http-nio-9080-exec-5] c.e.m.security.JwtAuthenticationFilter   : SecurityContext에 인증 정보 설정 완료: test11@gmail.com
2025-11-29T02:41:10.601+09:00 DEBUG 55515 --- [myauth] [http-nio-9080-exec-5] o.s.security.web.FilterChainProxy        : Secured GET /me
2025-11-29T02:41:10.603+09:00  INFO 55515 --- [myauth] [http-nio-9080-exec-5] c.e.myauth.controller.UserController     : 현재 사용자 정보 조회 요청: test11@gmail.com
2025-11-29T02:41:15.861+09:00 DEBUG 55515 --- [myauth] [http-nio-9080-exec-6] o.s.security.web.FilterChainProxy        : Securing GET /me
2025-11-29T02:41:15.864+09:00 DEBUG 55515 --- [myauth] [http-nio-9080-exec-6] c.e.m.security.JwtAuthenticationFilter   : JWT 토큰 검증 성공 - 이메일: test11@gmail.com, userId: 41
2025-11-29T02:41:15.878+09:00 DEBUG 55515 --- [myauth] [http-nio-9080-exec-6] c.e.m.security.JwtAuthenticationFilter   : SecurityContext에 인증 정보 설정 완료: test11@gmail.com
2025-11-29T02:41:15.879+09:00 DEBUG 55515 --- [myauth] [http-nio-9080-exec-6] o.s.security.web.FilterChainProxy        : Secured GET /me
2025-11-29T02:41:15.879+09:00  INFO 55515 --- [myauth] [http-nio-9080-exec-6] c.e.myauth.controller.UserController     : 현재 사용자 정보 조회 요청: test11@gmail.com
2025-11-29T02:41:16.560+09:00 DEBUG 55515 --- [myauth] [http-nio-9080-exec-7] o.s.security.web.FilterChainProxy        : Securing GET /me
2025-11-29T02:41:16.573+09:00 DEBUG 55515 --- [myauth] [http-nio-9080-exec-7] c.e.m.security.JwtAuthenticationFilter   : JWT 토큰 검증 성공 - 이메일: test11@gmail.com, userId: 41
2025-11-29T02:41:16.583+09:00 DEBUG 55515 --- [myauth] [http-nio-9080-exec-7] c.e.m.security.JwtAuthenticationFilter   : SecurityContext에 인증 정보 설정 완료: test11@gmail.com
2025-11-29T02:41:16.584+09:00 DEBUG 55515 --- [myauth] [http-nio-9080-exec-7] o.s.security.web.FilterChainProxy        : Secured GET /me
2025-11-29T02:41:16.584+09:00  INFO 55515 --- [myauth] [http-nio-9080-exec-7] c.e.myauth.controller.UserController     : 현재 사용자 정보 조회 요청: test11@gmail.com
2025-11-29T02:41:17.663+09:00 DEBUG 55515 --- [myauth] [http-nio-9080-exec-8] o.s.security.web.FilterChainProxy        : Securing GET /me
2025-11-29T02:41:17.666+09:00 DEBUG 55515 --- [myauth] [http-nio-9080-exec-8] c.e.m.security.JwtAuthenticationFilter   : JWT 토큰 검증 성공 - 이메일: test11@gmail.com, userId: 41
2025-11-29T02:41:17.677+09:00 DEBUG 55515 --- [myauth] [http-nio-9080-exec-8] c.e.m.security.JwtAuthenticationFilter   : SecurityContext에 인증 정보 설정 완료: test11@gmail.com
2025-11-29T02:41:17.678+09:00 DEBUG 55515 --- [myauth] [http-nio-9080-exec-8] o.s.security.web.FilterChainProxy        : Secured GET /me
2025-11-29T02:41:17.678+09:00  INFO 55515 --- [myauth] [http-nio-9080-exec-8] c.e.myauth.controller.UserController     : 현재 사용자 정보 조회 요청: test11@gmail.com
2025-11-29T02:41:18.424+09:00 DEBUG 55515 --- [myauth] [http-nio-9080-exec-9] o.s.security.web.FilterChainProxy        : Securing GET /me
2025-11-29T02:41:18.426+09:00 DEBUG 55515 --- [myauth] [http-nio-9080-exec-9] c.e.m.security.JwtAuthenticationFilter   : JWT 토큰 검증 성공 - 이메일: test11@gmail.com, userId: 41
2025-11-29T02:41:18.442+09:00 DEBUG 55515 --- [myauth] [http-nio-9080-exec-9] c.e.m.security.JwtAuthenticationFilter   : SecurityContext에 인증 정보 설정 완료: test11@gmail.com
2025-11-29T02:41:18.442+09:00 DEBUG 55515 --- [myauth] [http-nio-9080-exec-9] o.s.security.web.FilterChainProxy        : Secured GET /me
2025-11-29T02:41:18.443+09:00  INFO 55515 --- [myauth] [http-nio-9080-exec-9] c.e.myauth.controller.UserController     : 현재 사용자 정보 조회 요청: test11@gmail.com
2025-11-29T02:41:19.219+09:00 DEBUG 55515 --- [myauth] [http-nio-9080-exec-10] o.s.security.web.FilterChainProxy        : Securing GET /me
2025-11-29T02:41:19.221+09:00 DEBUG 55515 --- [myauth] [http-nio-9080-exec-10] c.e.m.security.JwtAuthenticationFilter   : JWT 토큰 검증 성공 - 이메일: test11@gmail.com, userId: 41
2025-11-29T02:41:19.231+09:00 DEBUG 55515 --- [myauth] [http-nio-9080-exec-10] c.e.m.security.JwtAuthenticationFilter   : SecurityContext에 인증 정보 설정 완료: test11@gmail.com
2025-11-29T02:41:19.232+09:00 DEBUG 55515 --- [myauth] [http-nio-9080-exec-10] o.s.security.web.FilterChainProxy        : Secured GET /me
2025-11-29T02:41:19.232+09:00  INFO 55515 --- [myauth] [http-nio-9080-exec-10] c.e.myauth.controller.UserController     : 현재 사용자 정보 조회 요청: test11@gmail.com
2025-11-29T02:41:20.007+09:00 DEBUG 55515 --- [myauth] [http-nio-9080-exec-1] o.s.security.web.FilterChainProxy        : Securing GET /me
2025-11-29T02:41:20.010+09:00 DEBUG 55515 --- [myauth] [http-nio-9080-exec-1] c.e.m.security.JwtAuthenticationFilter   : JWT 토큰 검증 성공 - 이메일: test11@gmail.com, userId: 41
2025-11-29T02:41:20.032+09:00 DEBUG 55515 --- [myauth] [http-nio-9080-exec-1] c.e.m.security.JwtAuthenticationFilter   : SecurityContext에 인증 정보 설정 완료: test11@gmail.com
2025-11-29T02:41:20.033+09:00 DEBUG 55515 --- [myauth] [http-nio-9080-exec-1] o.s.security.web.FilterChainProxy        : Secured GET /me
2025-11-29T02:41:20.033+09:00  INFO 55515 --- [myauth] [http-nio-9080-exec-1] c.e.myauth.controller.UserController     : 현재 사용자 정보 조회 요청: test11@gmail.com
2025-11-29T02:41:20.799+09:00 DEBUG 55515 --- [myauth] [http-nio-9080-exec-2] o.s.security.web.FilterChainProxy        : Securing GET /me
2025-11-29T02:41:20.801+09:00 DEBUG 55515 --- [myauth] [http-nio-9080-exec-2] c.e.m.security.JwtAuthenticationFilter   : JWT 토큰 검증 성공 - 이메일: test11@gmail.com, userId: 41
2025-11-29T02:41:20.816+09:00 DEBUG 55515 --- [myauth] [http-nio-9080-exec-2] c.e.m.security.JwtAuthenticationFilter   : SecurityContext에 인증 정보 설정 완료: test11@gmail.com
2025-11-29T02:41:20.816+09:00 DEBUG 55515 --- [myauth] [http-nio-9080-exec-2] o.s.security.web.FilterChainProxy        : Secured GET /me
2025-11-29T02:41:20.817+09:00  INFO 55515 --- [myauth] [http-nio-9080-exec-2] c.e.myauth.controller.UserController     : 현재 사용자 정보 조회 요청: test11@gmail.com
2025-11-29T02:42:35.229+09:00 DEBUG 55515 --- [myauth] [http-nio-9080-exec-4] o.s.security.web.FilterChainProxy        : Securing GET /me
2025-11-29T02:42:35.234+09:00 DEBUG 55515 --- [myauth] [http-nio-9080-exec-4] c.e.m.security.JwtAuthenticationFilter   : JWT 토큰 검증 성공 - 이메일: test11@gmail.com, userId: 41
2025-11-29T02:42:35.258+09:00 DEBUG 55515 --- [myauth] [http-nio-9080-exec-4] c.e.m.security.JwtAuthenticationFilter   : SecurityContext에 인증 정보 설정 완료: test11@gmail.com
2025-11-29T02:42:35.259+09:00 DEBUG 55515 --- [myauth] [http-nio-9080-exec-4] o.s.security.web.FilterChainProxy        : Secured GET /me
2025-11-29T02:42:35.261+09:00  INFO 55515 --- [myauth] [http-nio-9080-exec-4] c.e.myauth.controller.UserController     : 현재 사용자 정보 조회 요청: test11@gmail.com
2025-11-29T02:42:42.884+09:00 DEBUG 55515 --- [myauth] [http-nio-9080-exec-5] o.s.security.web.FilterChainProxy        : Securing POST /refresh
2025-11-29T02:42:42.885+09:00 DEBUG 55515 --- [myauth] [http-nio-9080-exec-5] o.s.s.w.a.AnonymousAuthenticationFilter  : Set SecurityContextHolder to anonymous SecurityContext
2025-11-29T02:42:42.885+09:00 DEBUG 55515 --- [myauth] [http-nio-9080-exec-5] o.s.security.web.FilterChainProxy        : Secured POST /refresh
2025-11-29T02:42:42.889+09:00  INFO 55515 --- [myauth] [http-nio-9080-exec-5] c.e.myauth.controller.AuthController     : Access Token 갱신 요청
2025-11-29T02:42:42.890+09:00 DEBUG 55515 --- [myauth] [http-nio-9080-exec-5] c.e.myauth.util.ClientTypeDetector       : 웹 클라이언트로 간주 (기본값)
2025-11-29T02:42:42.890+09:00 DEBUG 55515 --- [myauth] [http-nio-9080-exec-5] c.e.myauth.util.ClientTypeDetector       : 웹 클라이언트로 간주 (기본값)
2025-11-29T02:42:42.890+09:00  INFO 55515 --- [myauth] [http-nio-9080-exec-5] c.e.myauth.controller.AuthController     : 클라이언트 타입: WEB
2025-11-29T02:42:42.890+09:00  INFO 55515 --- [myauth] [http-nio-9080-exec-5] c.e.myauth.controller.AuthController     : 웹 클라이언트 → 쿠키에서 Refresh Token 읽기
2025-11-29T02:42:42.890+09:00 DEBUG 55515 --- [myauth] [http-nio-9080-exec-5] c.e.myauth.controller.AuthController     : 쿠키에서 Refresh Token 발견
2025-11-29T02:42:42.894+09:00  INFO 55515 --- [myauth] [http-nio-9080-exec-5] com.example.myauth.service.AuthService   : Access Token 갱신 요청
2025-11-29T02:42:42.895+09:00 DEBUG 55515 --- [myauth] [http-nio-9080-exec-5] com.example.myauth.service.AuthService   : Refresh Token에서 추출한 이메일: test11@gmail.com
2025-11-29T02:42:42.904+09:00 DEBUG 55515 --- [myauth] [http-nio-9080-exec-5] c.e.myauth.security.JwtTokenProvider     : generateAccessToken() : userEmail=test11@gmail.com, userId=41
2025-11-29T02:42:42.904+09:00 DEBUG 55515 --- [myauth] [http-nio-9080-exec-5] c.e.myauth.security.JwtTokenProvider     : generateAccessToken::now : Sat Nov 29 02:42:42 KST 2025
2025-11-29T02:42:42.904+09:00 DEBUG 55515 --- [myauth] [http-nio-9080-exec-5] c.e.myauth.security.JwtTokenProvider     : generateAccessToken::expiryDate : Sat Nov 29 03:42:42 KST 2025
2025-11-29T02:42:42.904+09:00  INFO 55515 --- [myauth] [http-nio-9080-exec-5] com.example.myauth.service.AuthService   : 새 Access Token 발급 성공: test11@gmail.com
2025-11-29T02:42:42.907+09:00  INFO 55515 --- [myauth] [http-nio-9080-exec-5] c.e.myauth.controller.AuthController     : Access Token 갱신 성공
2025-11-29T02:42:49.473+09:00 DEBUG 55515 --- [myauth] [http-nio-9080-exec-6] o.s.security.web.FilterChainProxy        : Securing GET /me
2025-11-29T02:42:49.475+09:00 DEBUG 55515 --- [myauth] [http-nio-9080-exec-6] c.e.m.security.JwtAuthenticationFilter   : JWT 토큰 검증 성공 - 이메일: test11@gmail.com, userId: 41
2025-11-29T02:42:49.487+09:00 DEBUG 55515 --- [myauth] [http-nio-9080-exec-6] c.e.m.security.JwtAuthenticationFilter   : SecurityContext에 인증 정보 설정 완료: test11@gmail.com
2025-11-29T02:42:49.487+09:00 DEBUG 55515 --- [myauth] [http-nio-9080-exec-6] o.s.security.web.FilterChainProxy        : Secured GET /me
2025-11-29T02:42:49.487+09:00  INFO 55515 --- [myauth] [http-nio-9080-exec-6] c.e.myauth.controller.UserController     : 현재 사용자 정보 조회 요청: test11@gmail.com
2025-11-29T02:42:50.893+09:00 DEBUG 55515 --- [myauth] [http-nio-9080-exec-7] o.s.security.web.FilterChainProxy        : Securing GET /me
2025-11-29T02:42:50.894+09:00 DEBUG 55515 --- [myauth] [http-nio-9080-exec-7] c.e.m.security.JwtAuthenticationFilter   : JWT 토큰 검증 성공 - 이메일: test11@gmail.com, userId: 41
2025-11-29T02:42:50.915+09:00 DEBUG 55515 --- [myauth] [http-nio-9080-exec-7] c.e.m.security.JwtAuthenticationFilter   : SecurityContext에 인증 정보 설정 완료: test11@gmail.com
2025-11-29T02:42:50.916+09:00 DEBUG 55515 --- [myauth] [http-nio-9080-exec-7] o.s.security.web.FilterChainProxy        : Secured GET /me
2025-11-29T02:42:50.916+09:00  INFO 55515 --- [myauth] [http-nio-9080-exec-7] c.e.myauth.controller.UserController     : 현재 사용자 정보 조회 요청: test11@gmail.com
2025-11-29T02:42:51.896+09:00 DEBUG 55515 --- [myauth] [http-nio-9080-exec-8] o.s.security.web.FilterChainProxy        : Securing GET /me
2025-11-29T02:42:51.898+09:00 DEBUG 55515 --- [myauth] [http-nio-9080-exec-8] c.e.m.security.JwtAuthenticationFilter   : JWT 토큰 검증 성공 - 이메일: test11@gmail.com, userId: 41
2025-11-29T02:42:51.907+09:00 DEBUG 55515 --- [myauth] [http-nio-9080-exec-8] c.e.m.security.JwtAuthenticationFilter   : SecurityContext에 인증 정보 설정 완료: test11@gmail.com
2025-11-29T02:42:51.907+09:00 DEBUG 55515 --- [myauth] [http-nio-9080-exec-8] o.s.security.web.FilterChainProxy        : Secured GET /me
2025-11-29T02:42:51.907+09:00  INFO 55515 --- [myauth] [http-nio-9080-exec-8] c.e.myauth.controller.UserController     : 현재 사용자 정보 조회 요청: test11@gmail.com
2025-11-29T02:53:37.906+09:00 DEBUG 55515 --- [myauth] [http-nio-9080-exec-10] o.s.security.web.FilterChainProxy        : Securing POST /signup
2025-11-29T02:53:37.911+09:00 DEBUG 55515 --- [myauth] [http-nio-9080-exec-10] o.s.s.w.a.AnonymousAuthenticationFilter  : Set SecurityContextHolder to anonymous SecurityContext
2025-11-29T02:53:37.911+09:00 DEBUG 55515 --- [myauth] [http-nio-9080-exec-10] o.s.s.w.session.SessionManagementFilter  : Request requested invalid session id DBB1080C59E5EFB32F7138DC7599F702
2025-11-29T02:53:37.911+09:00 DEBUG 55515 --- [myauth] [http-nio-9080-exec-10] o.s.security.web.FilterChainProxy        : Secured POST /signup
2025-11-29T02:53:37.931+09:00  INFO 55515 --- [myauth] [http-nio-9080-exec-10] c.e.myauth.controller.AuthController     : 다음 이메일로 회원가입 요청: test21@example.com
2025-11-29T02:53:38.084+09:00  INFO 55515 --- [myauth] [http-nio-9080-exec-10] com.example.myauth.service.AuthService   : 회원 가입 성공 : test21@example.com
2025-11-29T03:00:05.273+09:00 DEBUG 55515 --- [myauth] [http-nio-9080-exec-1] o.s.security.web.FilterChainProxy        : Securing POST /login
2025-11-29T03:00:05.276+09:00 DEBUG 55515 --- [myauth] [http-nio-9080-exec-1] o.s.s.w.a.AnonymousAuthenticationFilter  : Set SecurityContextHolder to anonymous SecurityContext
2025-11-29T03:00:05.276+09:00 DEBUG 55515 --- [myauth] [http-nio-9080-exec-1] o.s.s.w.session.SessionManagementFilter  : Request requested invalid session id DBB1080C59E5EFB32F7138DC7599F702
2025-11-29T03:00:05.277+09:00 DEBUG 55515 --- [myauth] [http-nio-9080-exec-1] o.s.security.web.FilterChainProxy        : Secured POST /login
2025-11-29T03:00:05.293+09:00  INFO 55515 --- [myauth] [http-nio-9080-exec-1] c.e.myauth.controller.AuthController     : 로그인 요청: test21@example.com
2025-11-29T03:00:05.303+09:00  INFO 55515 --- [myauth] [http-nio-9080-exec-1] com.example.myauth.service.AuthService   : 로그인 시도: test21@example.com
2025-11-29T03:00:05.460+09:00 DEBUG 55515 --- [myauth] [http-nio-9080-exec-1] c.e.myauth.security.JwtTokenProvider     : generateAccessToken() : userEmail=test21@example.com, userId=56
2025-11-29T03:00:05.461+09:00 DEBUG 55515 --- [myauth] [http-nio-9080-exec-1] c.e.myauth.security.JwtTokenProvider     : generateAccessToken::now : Sat Nov 29 03:00:05 KST 2025
2025-11-29T03:00:05.461+09:00 DEBUG 55515 --- [myauth] [http-nio-9080-exec-1] c.e.myauth.security.JwtTokenProvider     : generateAccessToken::expiryDate : Sat Nov 29 04:00:05 KST 2025
2025-11-29T03:00:05.462+09:00 DEBUG 55515 --- [myauth] [http-nio-9080-exec-1] c.e.myauth.security.JwtTokenProvider     : generateRefreshToken() : userEmail=test21@example.com
2025-11-29T03:00:05.463+09:00 DEBUG 55515 --- [myauth] [http-nio-9080-exec-1] c.e.myauth.security.JwtTokenProvider     : generateRefreshToken::now : Sat Nov 29 03:00:05 KST 2025
2025-11-29T03:00:05.463+09:00 DEBUG 55515 --- [myauth] [http-nio-9080-exec-1] c.e.myauth.security.JwtTokenProvider     : generateRefreshToken::expiryDate : Sat Dec 06 03:00:05 KST 2025
2025-11-29T03:00:05.464+09:00  INFO 55515 --- [myauth] [http-nio-9080-exec-1] com.example.myauth.service.AuthService   : JWT 토큰 생성 완료: test21@example.com
2025-11-29T03:00:05.479+09:00  INFO 55515 --- [myauth] [http-nio-9080-exec-1] com.example.myauth.service.AuthService   : Refresh Token DB 저장 완료: test21@example.com
2025-11-29T03:00:05.479+09:00  INFO 55515 --- [myauth] [http-nio-9080-exec-1] com.example.myauth.service.AuthService   : 로그인 성공: test21@example.com
